GuessTheNumber/app/build/intermediates/manifest_merge_blame_file/debug/manifest-merger-blame-debug-report.txt
1<?xml version="1.0" encoding="utf-8"?>
2<manifest xmlns:android="http://schemas.android.com/apk/res/android"
3    package="it.mem.guessTheNumber"
4    android:versionCode="1"
5    android:versionName="1.0" >
6
7    <uses-sdk
8        android:minSdkVersion="28"
8-->src\main\AndroidManifest.xml
9        android:targetSdkVersion="30" />
9-->src\main\AndroidManifest.xml
10
11    <application
11-->src\main\AndroidManifest.xml:6:5-32:19
12        android:allowBackup="true"
12-->src\main\AndroidManifest.xml:7:9-35
13        android:appComponentFactory="androidx.core.app.CoreComponentFactory"
13-->[androidx.core:core:1.3.2] AndroidManifest.xml:24:18-86
14        android:debuggable="true"
15        android:extractNativeLibs="false"
16        android:icon="@mipmap/ic_launcher"
16-->src\main\AndroidManifest.xml:8:9-43
17        android:label="@string/app_name"
17-->src\main\AndroidManifest.xml:9:9-41
18        android:roundIcon="@mipmap/ic_launcher_round"
18-->src\main\AndroidManifest.xml:10:9-54
19        android:supportsRtl="true"
19-->src\main\AndroidManifest.xml:11:9-35
20        android:testOnly="true"
21        android:theme="@style/Theme.GuessTheNumber" >
21-->src\main\AndroidManifest.xml:12:9-52
22        <activity android:name="it.mem.guessTheNumber.SplashScreenActivity" >
22-->src\main\AndroidManifest.xml:14:9-20:20
22-->src\main\AndroidManifest.xml:14:19-76
23            <intent-filter>
23-->src\main\AndroidManifest.xml:15:13-19:29
24                <action android:name="android.intent.action.MAIN" />
24-->src\main\AndroidManifest.xml:16:17-69
24-->src\main\AndroidManifest.xml:16:25-66
25
26                <category android:name="android.intent.category.LAUNCHER" />
26-->src\main\AndroidManifest.xml:18:17-77
26-->src\main\AndroidManifest.xml:18:27-74
27            </intent-filter>
28        </activity>
29        <activity
29-->src\main\AndroidManifest.xml:21:9-23:81
30            android:name="it.mem.guessTheNumber.ThirdActivity"
30-->src\main\AndroidManifest.xml:22:13-63
31            android:parentActivityName="it.mem.guessTheNumber.SecondActivity" />
31-->src\main\AndroidManifest.xml:23:13-78
32        <activity
32-->src\main\AndroidManifest.xml:24:9-26:79
33            android:name="it.mem.guessTheNumber.SecondActivity"
33-->src\main\AndroidManifest.xml:25:13-64
34            android:parentActivityName="it.mem.guessTheNumber.MainActivity" />
34-->src\main\AndroidManifest.xml:26:13-76
35        <activity android:name="it.mem.guessTheNumber.MainActivity" />
35-->src\main\AndroidManifest.xml:27:9-71
35-->src\main\AndroidManifest.xml:27:19-68
36
37        <meta-data
37-->src\main\AndroidManifest.xml:29:9-31:57
38            android:name="preloaded_fonts"
38-->src\main\AndroidManifest.xml:30:13-43
39            android:resource="@array/preloaded_fonts" />
39-->src\main\AndroidManifest.xml:31:13-54
40    </application>
41
42</manifest>